# JRE version: Java(TM) SE Runtime Environment (8.0_40-b26) (build 1.8.0_40-b26)
# Java VM: Java HotSpot(TM) 64-Bit Server VM (25.40-b25 mixed mode windows-amd64 compressed oops)
Heap:
 PSYoungGen      total 110592K, used 22072K [0x000000076b400000, 0x0000000774700000, 0x00000007c0000000)
  eden space 97792K, 9% used [0x000000076b400000,0x000000076bd14078,0x0000000771380000)
  from space 12800K, 99% used [0x0000000771380000,0x0000000771ffa030,0x0000000772000000)
  to   space 17408K, 0% used [0x0000000773600000,0x0000000773600000,0x0000000774700000)
 ParOldGen       total 116224K, used 20463K [0x00000006c1c00000, 0x00000006c8d80000, 0x000000076b400000)
  object space 116224K, 17% used [0x00000006c1c00000,0x00000006c2ffbed0,0x00000006c8d80000)
 Metaspace       used 51061K, capacity 52954K, committed 53160K, reserved 1095680K
  class space    used 7400K, capacity 7835K, committed 7848K, reserved 1048576K
GC Heap History (10 events):
Event: 11.253 GC heap before
{Heap before GC invocations=7 (full 1):
 PSYoungGen      total 76288K, used 52439K [0x000000076b400000, 0x0000000772d00000, 0x00000007c0000000)
  eden space 65536K, 67% used [0x000000076b400000,0x000000076df7f8d8,0x000000076f400000)
  from space 10752K, 73% used [0x000000076f400000,0x000000076fbb6388,0x000000076fe80000)
  to   space 13312K, 0% used [0x0000000772000000,0x0000000772000000,0x0000000772d00000)
 ParOldGen       total 116224K, used 11899K [0x00000006c1c00000, 0x00000006c8d80000, 0x000000076b400000)
  object space 116224K, 10% used [0x00000006c1c00000,0x00000006c279ef20,0x00000006c8d80000)
 Metaspace       used 34741K, capacity 35492K, committed 35496K, reserved 1079296K
  class space    used 5062K, capacity 5285K, committed 5288K, reserved 1048576K
Event: 11.262 GC heap after
Heap after GC invocations=7 (full 1):
 PSYoungGen      total 111104K, used 7516K [0x000000076b400000, 0x0000000772f80000, 0x00000007c0000000)
  eden space 97792K, 0% used [0x000000076b400000,0x000000076b400000,0x0000000771380000)
  from space 13312K, 56% used [0x0000000772000000,0x0000000772757060,0x0000000772d00000)
  to   space 12800K, 0% used [0x0000000771380000,0x0000000771380000,0x0000000772000000)
 ParOldGen       total 116224K, used 11907K [0x00000006c1c00000, 0x00000006c8d80000, 0x000000076b400000)
  object space 116224K, 10% used [0x00000006c1c00000,0x00000006c27a0f20,0x00000006c8d80000)
 Metaspace       used 34741K, capacity 35492K, committed 35496K, reserved 1079296K
  class space    used 5062K, capacity 5285K, committed 5288K, reserved 1048576K
}
Event: 11.263 GC heap before
{Heap before GC invocations=8 (full 2):
 PSYoungGen      total 111104K, used 7516K [0x000000076b400000, 0x0000000772f80000, 0x00000007c0000000)
  eden space 97792K, 0% used [0x000000076b400000,0x000000076b400000,0x0000000771380000)
  from space 13312K, 56% used [0x0000000772000000,0x0000000772757060,0x0000000772d00000)
  to   space 12800K, 0% used [0x0000000771380000,0x0000000771380000,0x0000000772000000)
 ParOldGen       total 116224K, used 11907K [0x00000006c1c00000, 0x00000006c8d80000, 0x000000076b400000)
  object space 116224K, 10% used [0x00000006c1c00000,0x00000006c27a0f20,0x00000006c8d80000)
 Metaspace       used 34741K, capacity 35492K, committed 35496K, reserved 1079296K
  class space    used 5062K, capacity 5285K, committed 5288K, reserved 1048576K
Event: 11.370 GC heap after
Heap after GC invocations=8 (full 2):
 PSYoungGen      total 111104K, used 0K [0x000000076b400000, 0x0000000772f80000, 0x00000007c0000000)
  eden space 97792K, 0% used [0x000000076b400000,0x000000076b400000,0x0000000771380000)
  from space 13312K, 0% used [0x0000000772000000,0x0000000772000000,0x0000000772d00000)
  to   space 12800K, 0% used [0x0000000771380000,0x0000000771380000,0x0000000772000000)
 ParOldGen       total 116224K, used 14171K [0x00000006c1c00000, 0x00000006c8d80000, 0x000000076b400000)
  object space 116224K, 12% used [0x00000006c1c00000,0x00000006c29d6f38,0x00000006c8d80000)
 Metaspace       used 34726K, capacity 35444K, committed 35496K, reserved 1079296K
  class space    used 5057K, capacity 5277K, committed 5288K, reserved 1048576K
}
Event: 13.146 GC heap before
{Heap before GC invocations=9 (full 2):
 PSYoungGen      total 111104K, used 97792K [0x000000076b400000, 0x0000000772f80000, 0x00000007c0000000)
  eden space 97792K, 100% used [0x000000076b400000,0x0000000771380000,0x0000000771380000)
  from space 13312K, 0% used [0x0000000772000000,0x0000000772000000,0x0000000772d00000)
  to   space 12800K, 0% used [0x0000000771380000,0x0000000771380000,0x0000000772000000)
 ParOldGen       total 116224K, used 14171K [0x00000006c1c00000, 0x00000006c8d80000, 0x000000076b400000)
  object space 116224K, 12% used [0x00000006c1c00000,0x00000006c29d6f38,0x00000006c8d80000)
 Metaspace       used 40031K, capacity 40872K, committed 41128K, reserved 1085440K
  class space    used 5827K, capacity 6041K, committed 6056K, reserved 1048576K
Event: 13.160 GC heap after
Heap after GC invocations=9 (full 2):
 PSYoungGen      total 110592K, used 9408K [0x000000076b400000, 0x0000000772f80000, 0x00000007c0000000)
  eden space 97792K, 0% used [0x000000076b400000,0x000000076b400000,0x0000000771380000)
  from space 12800K, 73% used [0x0000000771380000,0x0000000771cb0088,0x0000000772000000)
  to   space 13312K, 0% used [0x0000000772000000,0x0000000772000000,0x0000000772d00000)
 ParOldGen       total 116224K, used 14171K [0x00000006c1c00000, 0x00000006c8d80000, 0x000000076b400000)
  object space 116224K, 12% used [0x00000006c1c00000,0x00000006c29d6f38,0x00000006c8d80000)
 Metaspace       used 40031K, capacity 40872K, committed 41128K, reserved 1085440K
  class space    used 5827K, capacity 6041K, committed 6056K, reserved 1048576K
}
Event: 15.279 GC heap before
{Heap before GC invocations=10 (full 2):
 PSYoungGen      total 110592K, used 107200K [0x000000076b400000, 0x0000000772f80000, 0x00000007c0000000)
  eden space 97792K, 100% used [0x000000076b400000,0x0000000771380000,0x0000000771380000)
  from space 12800K, 73% used [0x0000000771380000,0x0000000771cb0088,0x0000000772000000)
  to   space 13312K, 0% used [0x0000000772000000,0x0000000772000000,0x0000000772d00000)
 ParOldGen       total 116224K, used 14171K [0x00000006c1c00000, 0x00000006c8d80000, 0x000000076b400000)
  object space 116224K, 12% used [0x00000006c1c00000,0x00000006c29d6f38,0x00000006c8d80000)
 Metaspace       used 46148K, capacity 47232K, committed 47528K, reserved 1089536K
  class space    used 6698K, capacity 6957K, committed 7080K, reserved 1048576K
Event: 15.298 GC heap after
Heap after GC invocations=10 (full 2):
 PSYoungGen      total 111104K, used 13292K [0x000000076b400000, 0x0000000772f80000, 0x00000007c0000000)
  eden space 97792K, 0% used [0x000000076b400000,0x000000076b400000,0x0000000771380000)
  from space 13312K, 99% used [0x0000000772000000,0x0000000772cfb018,0x0000000772d00000)
  to   space 12800K, 0% used [0x0000000771380000,0x0000000771380000,0x0000000772000000)
 ParOldGen       total 116224K, used 15674K [0x00000006c1c00000, 0x00000006c8d80000, 0x000000076b400000)
  object space 116224K, 13% used [0x00000006c1c00000,0x00000006c2b4e8a8,0x00000006c8d80000)
 Metaspace       used 46148K, capacity 47232K, committed 47528K, reserved 1089536K
  class space    used 6698K, capacity 6957K, committed 7080K, reserved 1048576K
}
Event: 18.240 GC heap before
{Heap before GC invocations=11 (full 2):
 PSYoungGen      total 111104K, used 111084K [0x000000076b400000, 0x0000000772f80000, 0x00000007c0000000)
  eden space 97792K, 100% used [0x000000076b400000,0x0000000771380000,0x0000000771380000)
  from space 13312K, 99% used [0x0000000772000000,0x0000000772cfb018,0x0000000772d00000)
  to   space 12800K, 0% used [0x0000000771380000,0x0000000771380000,0x0000000772000000)
 ParOldGen       total 116224K, used 15674K [0x00000006c1c00000, 0x00000006c8d80000, 0x000000076b400000)
  object space 116224K, 13% used [0x00000006c1c00000,0x00000006c2b4e8a8,0x00000006c8d80000)
 Metaspace       used 50515K, capacity 52318K, committed 52392K, reserved 1093632K
  class space    used 7335K, capacity 7798K, committed 7848K, reserved 1048576K
Event: 18.259 GC heap after
Heap after GC invocations=11 (full 2):
 PSYoungGen      total 110592K, used 12776K [0x000000076b400000, 0x0000000774700000, 0x00000007c0000000)
  eden space 97792K, 0% used [0x000000076b400000,0x000000076b400000,0x0000000771380000)
  from space 12800K, 99% used [0x0000000771380000,0x0000000771ffa030,0x0000000772000000)
  to   space 17408K, 0% used [0x0000000773600000,0x0000000773600000,0x0000000774700000)
 ParOldGen       total 116224K, used 20463K [0x00000006c1c00000, 0x00000006c8d80000, 0x000000076b400000)
  object space 116224K, 17% used [0x00000006c1c00000,0x00000006c2ffbed0,0x00000006c8d80000)
 Metaspace       used 50515K, capacity 52318K, committed 52392K, reserved 1093632K
  class space    used 7335K, capacity 7798K, committed 7848K, reserved 1048576K
}

