# JRE version: Java(TM) SE Runtime Environment (8.0_40-b26) (build 1.8.0_40-b26)
# Java VM: Java HotSpot(TM) 64-Bit Server VM (25.40-b25 mixed mode windows-amd64 compressed oops)
Heap:
 PSYoungGen      total 768512K, used 691518K [0x000000076ab00000, 0x00000007a2c80000, 0x00000007c0000000)
  eden space 717312K, 92% used [0x000000076ab00000,0x0000000792fb4f28,0x0000000796780000)
  from space 51200K, 61% used [0x0000000796780000,0x000000079861ab48,0x0000000799980000)
  to   space 52224K, 0% used [0x000000079f980000,0x000000079f980000,0x00000007a2c80000)
 ParOldGen       total 283648K, used 110020K [0x00000006c0000000, 0x00000006d1500000, 0x000000076ab00000)
  object space 283648K, 38% used [0x00000006c0000000,0x00000006c6b71008,0x00000006d1500000)
 Metaspace       used 132373K, capacity 137094K, committed 137432K, reserved 1169408K
  class space    used 17067K, capacity 18075K, committed 18176K, reserved 1048576K
GC Heap History (10 events):
Event: 49.720 GC heap before
{Heap before GC invocations=17 (full 3):
 PSYoungGen      total 500224K, used 357859K [0x000000076ab00000, 0x0000000793380000, 0x00000007c0000000)
  eden space 475648K, 70% used [0x000000076ab00000,0x000000077f0802f8,0x0000000787b80000)
  from space 24576K, 99% used [0x0000000787b80000,0x00000007893789c8,0x0000000789380000)
  to   space 37376K, 0% used [0x0000000790f00000,0x0000000790f00000,0x0000000793380000)
 ParOldGen       total 183296K, used 67906K [0x00000006c0000000, 0x00000006cb300000, 0x000000076ab00000)
  object space 183296K, 37% used [0x00000006c0000000,0x00000006c4250938,0x00000006cb300000)
 Metaspace       used 96445K, capacity 98336K, committed 98496K, reserved 1134592K
  class space    used 12849K, capacity 13332K, committed 13440K, reserved 1048576K
Event: 49.924 GC heap after
Heap after GC invocations=17 (full 3):
 PSYoungGen      total 622592K, used 31334K [0x000000076ab00000, 0x0000000793e80000, 0x00000007c0000000)
  eden space 585216K, 0% used [0x000000076ab00000,0x000000076ab00000,0x000000078e680000)
  from space 37376K, 83% used [0x0000000790f00000,0x0000000792d99bc0,0x0000000793380000)
  to   space 41472K, 0% used [0x000000078e680000,0x000000078e680000,0x0000000790f00000)
 ParOldGen       total 183296K, used 91510K [0x00000006c0000000, 0x00000006cb300000, 0x000000076ab00000)
  object space 183296K, 49% used [0x00000006c0000000,0x00000006c595db10,0x00000006cb300000)
 Metaspace       used 96445K, capacity 98336K, committed 98496K, reserved 1134592K
  class space    used 12849K, capacity 13332K, committed 13440K, reserved 1048576K
}
Event: 49.924 GC heap before
{Heap before GC invocations=18 (full 4):
 PSYoungGen      total 622592K, used 31334K [0x000000076ab00000, 0x0000000793e80000, 0x00000007c0000000)
  eden space 585216K, 0% used [0x000000076ab00000,0x000000076ab00000,0x000000078e680000)
  from space 37376K, 83% used [0x0000000790f00000,0x0000000792d99bc0,0x0000000793380000)
  to   space 41472K, 0% used [0x000000078e680000,0x000000078e680000,0x0000000790f00000)
 ParOldGen       total 183296K, used 91510K [0x00000006c0000000, 0x00000006cb300000, 0x000000076ab00000)
  object space 183296K, 49% used [0x00000006c0000000,0x00000006c595db10,0x00000006cb300000)
 Metaspace       used 96445K, capacity 98336K, committed 98496K, reserved 1134592K
  class space    used 12849K, capacity 13332K, committed 13440K, reserved 1048576K
Event: 50.454 GC heap after
Heap after GC invocations=18 (full 4):
 PSYoungGen      total 622592K, used 0K [0x000000076ab00000, 0x0000000793e80000, 0x00000007c0000000)
  eden space 585216K, 0% used [0x000000076ab00000,0x000000076ab00000,0x000000078e680000)
  from space 37376K, 0% used [0x0000000790f00000,0x0000000790f00000,0x0000000793380000)
  to   space 41472K, 0% used [0x000000078e680000,0x000000078e680000,0x0000000790f00000)
 ParOldGen       total 283648K, used 85638K [0x00000006c0000000, 0x00000006d1500000, 0x000000076ab00000)
  object space 283648K, 30% used [0x00000006c0000000,0x00000006c53a1b80,0x00000006d1500000)
 Metaspace       used 96433K, capacity 98294K, committed 98496K, reserved 1134592K
  class space    used 12845K, capacity 13325K, committed 13440K, reserved 1048576K
}
Event: 65.388 GC heap before
{Heap before GC invocations=19 (full 4):
 PSYoungGen      total 622592K, used 585216K [0x000000076ab00000, 0x0000000793e80000, 0x00000007c0000000)
  eden space 585216K, 100% used [0x000000076ab00000,0x000000078e680000,0x000000078e680000)
  from space 37376K, 0% used [0x0000000790f00000,0x0000000790f00000,0x0000000793380000)
  to   space 41472K, 0% used [0x000000078e680000,0x000000078e680000,0x0000000790f00000)
 ParOldGen       total 283648K, used 85638K [0x00000006c0000000, 0x00000006d1500000, 0x000000076ab00000)
  object space 283648K, 30% used [0x00000006c0000000,0x00000006c53a1b80,0x00000006d1500000)
 Metaspace       used 105364K, capacity 108022K, committed 108120K, reserved 1142784K
  class space    used 13800K, capacity 14421K, committed 14464K, reserved 1048576K
Event: 65.624 GC heap after
Heap after GC invocations=19 (full 4):
 PSYoungGen      total 626688K, used 41462K [0x000000076ab00000, 0x000000079cc00000, 0x00000007c0000000)
  eden space 585216K, 0% used [0x000000076ab00000,0x000000076ab00000,0x000000078e680000)
  from space 41472K, 99% used [0x000000078e680000,0x0000000790efdbc0,0x0000000790f00000)
  to   space 48640K, 0% used [0x0000000799c80000,0x0000000799c80000,0x000000079cc00000)
 ParOldGen       total 283648K, used 86850K [0x00000006c0000000, 0x00000006d1500000, 0x000000076ab00000)
  object space 283648K, 30% used [0x00000006c0000000,0x00000006c54d08a0,0x00000006d1500000)
 Metaspace       used 105364K, capacity 108022K, committed 108120K, reserved 1142784K
  class space    used 13800K, capacity 14421K, committed 14464K, reserved 1048576K
}
Event: 83.886 GC heap before
{Heap before GC invocations=20 (full 4):
 PSYoungGen      total 626688K, used 626678K [0x000000076ab00000, 0x000000079cc00000, 0x00000007c0000000)
  eden space 585216K, 100% used [0x000000076ab00000,0x000000078e680000,0x000000078e680000)
  from space 41472K, 99% used [0x000000078e680000,0x0000000790efdbc0,0x0000000790f00000)
  to   space 48640K, 0% used [0x0000000799c80000,0x0000000799c80000,0x000000079cc00000)
 ParOldGen       total 283648K, used 86850K [0x00000006c0000000, 0x00000006d1500000, 0x000000076ab00000)
  object space 283648K, 30% used [0x00000006c0000000,0x00000006c54d08a0,0x00000006d1500000)
 Metaspace       used 121544K, capacity 125288K, committed 125528K, reserved 1159168K
  class space    used 15808K, capacity 16657K, committed 16768K, reserved 1048576K
Event: 84.097 GC heap after
Heap after GC invocations=20 (full 4):
 PSYoungGen      total 765440K, used 33118K [0x000000076ab00000, 0x000000079cb80000, 0x00000007c0000000)
  eden space 717312K, 0% used [0x000000076ab00000,0x000000076ab00000,0x0000000796780000)
  from space 48128K, 68% used [0x0000000799c80000,0x000000079bcd7b08,0x000000079cb80000)
  to   space 51200K, 0% used [0x0000000796780000,0x0000000796780000,0x0000000799980000)
 ParOldGen       total 283648K, used 110012K [0x00000006c0000000, 0x00000006d1500000, 0x000000076ab00000)
  object space 283648K, 38% used [0x00000006c0000000,0x00000006c6b6f008,0x00000006d1500000)
 Metaspace       used 121544K, capacity 125288K, committed 125528K, reserved 1159168K
  class space    used 15808K, capacity 16657K, committed 16768K, reserved 1048576K
}
Event: 118.746 GC heap before
{Heap before GC invocations=21 (full 4):
 PSYoungGen      total 765440K, used 750430K [0x000000076ab00000, 0x000000079cb80000, 0x00000007c0000000)
  eden space 717312K, 100% used [0x000000076ab00000,0x0000000796780000,0x0000000796780000)
  from space 48128K, 68% used [0x0000000799c80000,0x000000079bcd7b08,0x000000079cb80000)
  to   space 51200K, 0% used [0x0000000796780000,0x0000000796780000,0x0000000799980000)
 ParOldGen       total 283648K, used 110012K [0x00000006c0000000, 0x00000006d1500000, 0x000000076ab00000)
  object space 283648K, 38% used [0x00000006c0000000,0x00000006c6b6f008,0x00000006d1500000)
 Metaspace       used 126815K, capacity 131064K, committed 131160K, reserved 1163264K
  class space    used 16529K, capacity 17441K, committed 17536K, reserved 1048576K
Event: 118.962 GC heap after
Heap after GC invocations=21 (full 4):
 PSYoungGen      total 768512K, used 31338K [0x000000076ab00000, 0x00000007a2c80000, 0x00000007c0000000)
  eden space 717312K, 0% used [0x000000076ab00000,0x000000076ab00000,0x0000000796780000)
  from space 51200K, 61% used [0x0000000796780000,0x000000079861ab48,0x0000000799980000)
  to   space 52224K, 0% used [0x000000079f980000,0x000000079f980000,0x00000007a2c80000)
 ParOldGen       total 283648K, used 110020K [0x00000006c0000000, 0x00000006d1500000, 0x000000076ab00000)
  object space 283648K, 38% used [0x00000006c0000000,0x00000006c6b71008,0x00000006d1500000)
 Metaspace       used 126815K, capacity 131064K, committed 131160K, reserved 1163264K
  class space    used 16529K, capacity 17441K, committed 17536K, reserved 1048576K
}

